\BOOKMARK [0][-]{init.0}{Front Page}{}% 1
\BOOKMARK [0][-]{contents.0}{Table of Contents}{}% 2
\BOOKMARK [0][-]{figures.0}{List of Figures}{}% 3
\BOOKMARK [0][-]{tables.0}{List of Tables}{}% 4
\BOOKMARK [0][-]{chapter.1}{1 Introduction}{}% 5
\BOOKMARK [1][-]{section.1.1}{1.1 Context}{chapter.1}% 6
\BOOKMARK [1][-]{section.1.2}{1.2 Motivation}{chapter.1}% 7
\BOOKMARK [1][-]{section.1.3}{1.3 Objectives}{chapter.1}% 8
\BOOKMARK [1][-]{section.1.4}{1.4 Contributions}{chapter.1}% 9
\BOOKMARK [1][-]{section.1.5}{1.5 Structure}{chapter.1}% 10
\BOOKMARK [0][-]{chapter.2}{2 Breast Cancer}{}% 11
\BOOKMARK [1][-]{section.2.1}{2.1 Breast Physiology}{chapter.2}% 12
\BOOKMARK [1][-]{section.2.2}{2.2 Breast Cancer and Incidence}{chapter.2}% 13
\BOOKMARK [1][-]{section.2.3}{2.3 Breast Cancer Treatment}{chapter.2}% 14
\BOOKMARK [1][-]{section.2.4}{2.4 Impact of Breast Cancer Treatment}{chapter.2}% 15
\BOOKMARK [2][-]{subsection.2.4.1}{2.4.1 Influence on the Aesthetic Outcome}{section.2.4}% 16
\BOOKMARK [2][-]{subsection.2.4.2}{2.4.2 Quality of Life}{section.2.4}% 17
\BOOKMARK [1][-]{section.2.5}{2.5 Summary}{chapter.2}% 18
\BOOKMARK [0][-]{chapter.3}{3 3D Modeling of the breast}{}% 19
\BOOKMARK [1][-]{section.3.1}{3.1 Data Acquisition}{chapter.3}% 20
\BOOKMARK [1][-]{section.3.2}{3.2 Parametric Models}{chapter.3}% 21
\BOOKMARK [1][-]{section.3.3}{3.3 Deformable Models}{chapter.3}% 22
\BOOKMARK [2][-]{subsection.3.3.1}{3.3.1 Non-Physical Models}{section.3.3}% 23
\BOOKMARK [2][-]{subsection.3.3.2}{3.3.2 Physical Models}{section.3.3}% 24
\BOOKMARK [1][-]{section.3.4}{3.4 Existing Frameworks}{chapter.3}% 25
\BOOKMARK [1][-]{section.3.5}{3.5 Summary}{chapter.3}% 26
\BOOKMARK [0][-]{chapter.4}{4 BCS planning tool}{}% 27
\BOOKMARK [1][-]{section.4.1}{4.1 Functional Requirements}{chapter.4}% 28
\BOOKMARK [2][-]{subsection.4.1.1}{4.1.1 Actors}{section.4.1}% 29
\BOOKMARK [2][-]{subsection.4.1.2}{4.1.2 Functionalities}{section.4.1}% 30
\BOOKMARK [2][-]{subsection.4.1.3}{4.1.3 User Stories}{section.4.1}% 31
\BOOKMARK [2][-]{subsection.4.1.4}{4.1.4 Use cases}{section.4.1}% 32
\BOOKMARK [2][-]{subsection.4.1.5}{4.1.5 Functional Constraints}{section.4.1}% 33
\BOOKMARK [1][-]{section.4.2}{4.2 Non Functional Requirements}{chapter.4}% 34
\BOOKMARK [1][-]{section.4.3}{4.3 Application Flow}{chapter.4}% 35
\BOOKMARK [1][-]{section.4.4}{4.4 Development}{chapter.4}% 36
\BOOKMARK [2][-]{subsection.4.4.1}{4.4.1 System Documentation}{section.4.4}% 37
\BOOKMARK [2][-]{subsection.4.4.2}{4.4.2 C++}{section.4.4}% 38
\BOOKMARK [2][-]{subsection.4.4.3}{4.4.3 Used Frameworks}{section.4.4}% 39
\BOOKMARK [1][-]{section.4.5}{4.5 Interface}{chapter.4}% 40
\BOOKMARK [1][-]{section.4.6}{4.6 Summary}{chapter.4}% 41
\BOOKMARK [0][-]{chapter.5}{5 Methodology}{}% 42
\BOOKMARK [1][-]{section.5.1}{5.1 Dataset Preparation}{chapter.5}% 43
\BOOKMARK [2][-]{subsection.5.1.1}{5.1.1 Breast segmentation}{section.5.1}% 44
\BOOKMARK [2][-]{subsection.5.1.2}{5.1.2 Geometry Transformations}{section.5.1}% 45
\BOOKMARK [2][-]{subsection.5.1.3}{5.1.3 Tumor's location definition}{section.5.1}% 46
\BOOKMARK [2][-]{subsection.5.1.4}{5.1.4 Data Labelling}{section.5.1}% 47
\BOOKMARK [2][-]{subsection.5.1.5}{5.1.5 Wound healing simulation}{section.5.1}% 48
\BOOKMARK [1][-]{section.5.2}{5.2 Feature Analysis and Feature Construction}{chapter.5}% 49
\BOOKMARK [2][-]{subsection.5.2.1}{5.2.1 Feature Analysis}{section.5.2}% 50
\BOOKMARK [2][-]{subsection.5.2.2}{5.2.2 Feature Construction}{section.5.2}% 51
\BOOKMARK [1][-]{section.5.3}{5.3 Model Design}{chapter.5}% 52
\BOOKMARK [2][-]{subsection.5.3.1}{5.3.1 Machine Learning Models}{section.5.3}% 53
\BOOKMARK [2][-]{subsection.5.3.2}{5.3.2 Naive Model}{section.5.3}% 54
\BOOKMARK [1][-]{section.5.4}{5.4 Results Validation}{chapter.5}% 55
\BOOKMARK [2][-]{subsection.5.4.1}{5.4.1 Evaluation Metrics}{section.5.4}% 56
\BOOKMARK [1][-]{section.5.5}{5.5 Summary}{chapter.5}% 57
\BOOKMARK [0][-]{chapter.6}{6 Results and Discussion}{}% 58
\BOOKMARK [1][-]{section.6.1}{6.1 Naive Method Results}{chapter.6}% 59
\BOOKMARK [1][-]{section.6.2}{6.2 Machine Learning Results}{chapter.6}% 60
\BOOKMARK [2][-]{subsection.6.2.1}{6.2.1 Random Forest Results}{section.6.2}% 61
\BOOKMARK [2][-]{subsection.6.2.2}{6.2.2 Multilayer Perceptron Results}{section.6.2}% 62
\BOOKMARK [2][-]{subsection.6.2.3}{6.2.3 Multi-output Regressor Results}{section.6.2}% 63
\BOOKMARK [1][-]{section.6.3}{6.3 Predictive errors heatmap}{chapter.6}% 64
\BOOKMARK [1][-]{section.6.4}{6.4 Summary}{chapter.6}% 65
\BOOKMARK [0][-]{chapter.7}{7 Conclusions}{}% 66
\BOOKMARK [1][-]{subsection.7.0.1}{7.0.1 Future Work}{chapter.7}% 67
\BOOKMARK [0][-]{section*.75}{References}{}% 68
\BOOKMARK [0][-]{appendix.A}{A Feature Analysis}{}% 69
